# Begin Shedbuilt system packages
shedbuilt-base-layout
binutils
bash
bison
bzip2
coreutils
diffutils
file
findutils
gawk
gettext
grep
gzip
m4
make
patch
sed
tar
texinfo
util-linux
xz
linux-headers
man-pages
zlib
readline
bc
gmp
mpfr
mpc
gcc
pkg-config
ncurses
attr
acl
libcap
psmisc
iana-etc
flex
shadow
glibc
tzdata
libtool
gdbm
gperf
expat
inetutils
perl
perl_error
perl_xml-parser
intltool
autoconf
automake
kmod
systemd
procps-ng
e2fsprogs
groff
less
iproute2
kbd
libpipeline
dbus
man-db
libffi
python
pcre
swig
libfdt
u-boot
linux
vim
nano
which
libusb
alarm-fake-hwclock
python3
openssl
openssh
wget
curl
ca-certs
screen
git
sudo
shedbuilt-shell-config
shedbuilt-system-config
shedmake
# End Shedbuilt system packages
